<?xml version="1.0" encoding="UTF-8"?>
<testsuite xmlns:xsi="http://www.w3.org/2001/XMLSchema-instance" xsi:noNamespaceSchemaLocation="https://maven.apache.org/surefire/maven-surefire-plugin/xsd/surefire-test-report.xsd" name="com.koko.springboot_01_hello.Springboot01HelloApplicationTests" time="2.089" tests="1" errors="0" skipped="0" failures="0">
  <properties>
    <property name="java.specification.version" value="16"/>
    <property name="sun.cpu.isalist" value="amd64"/>
    <property name="sun.jnu.encoding" value="GBK"/>
    <property name="java.class.path" value="E:\专业资料\project_Java\SpringBoot_Study\springboot_01_hello\target\test-classes;E:\专业资料\project_Java\SpringBoot_Study\springboot_01_hello\target\classes;D:\Java_Tools\maven\apache-maven-3.8.4\maven-repo\org\springframework\boot\spring-boot-starter-web\2.6.4\spring-boot-starter-web-2.6.4.jar;D:\Java_Tools\maven\apache-maven-3.8.4\maven-repo\org\springframework\boot\spring-boot-starter\2.6.4\spring-boot-starter-2.6.4.jar;D:\Java_Tools\maven\apache-maven-3.8.4\maven-repo\org\springframework\boot\spring-boot\2.6.4\spring-boot-2.6.4.jar;D:\Java_Tools\maven\apache-maven-3.8.4\maven-repo\org\springframework\boot\spring-boot-autoconfigure\2.6.4\spring-boot-autoconfigure-2.6.4.jar;D:\Java_Tools\maven\apache-maven-3.8.4\maven-repo\org\springframework\boot\spring-boot-starter-logging\2.6.4\spring-boot-starter-logging-2.6.4.jar;D:\Java_Tools\maven\apache-maven-3.8.4\maven-repo\ch\qos\logback\logback-classic\1.2.10\logback-classic-1.2.10.jar;D:\Java_Tools\maven\apache-maven-3.8.4\maven-repo\ch\qos\logback\logback-core\1.2.10\logback-core-1.2.10.jar;D:\Java_Tools\maven\apache-maven-3.8.4\maven-repo\org\apache\logging\log4j\log4j-to-slf4j\2.17.1\log4j-to-slf4j-2.17.1.jar;D:\Java_Tools\maven\apache-maven-3.8.4\maven-repo\org\apache\logging\log4j\log4j-api\2.17.1\log4j-api-2.17.1.jar;D:\Java_Tools\maven\apache-maven-3.8.4\maven-repo\org\slf4j\jul-to-slf4j\1.7.36\jul-to-slf4j-1.7.36.jar;D:\Java_Tools\maven\apache-maven-3.8.4\maven-repo\jakarta\annotation\jakarta.annotation-api\1.3.5\jakarta.annotation-api-1.3.5.jar;D:\Java_Tools\maven\apache-maven-3.8.4\maven-repo\org\yaml\snakeyaml\1.29\snakeyaml-1.29.jar;D:\Java_Tools\maven\apache-maven-3.8.4\maven-repo\org\springframework\boot\spring-boot-starter-json\2.6.4\spring-boot-starter-json-2.6.4.jar;D:\Java_Tools\maven\apache-maven-3.8.4\maven-repo\com\fasterxml\jackson\core\jackson-databind\2.13.1\jackson-databind-2.13.1.jar;D:\Java_Tools\maven\apache-maven-3.8.4\maven-repo\com\fasterxml\jackson\core\jackson-annotations\2.13.1\jackson-annotations-2.13.1.jar;D:\Java_Tools\maven\apache-maven-3.8.4\maven-repo\com\fasterxml\jackson\core\jackson-core\2.13.1\jackson-core-2.13.1.jar;D:\Java_Tools\maven\apache-maven-3.8.4\maven-repo\com\fasterxml\jackson\datatype\jackson-datatype-jdk8\2.13.1\jackson-datatype-jdk8-2.13.1.jar;D:\Java_Tools\maven\apache-maven-3.8.4\maven-repo\com\fasterxml\jackson\datatype\jackson-datatype-jsr310\2.13.1\jackson-datatype-jsr310-2.13.1.jar;D:\Java_Tools\maven\apache-maven-3.8.4\maven-repo\com\fasterxml\jackson\module\jackson-module-parameter-names\2.13.1\jackson-module-parameter-names-2.13.1.jar;D:\Java_Tools\maven\apache-maven-3.8.4\maven-repo\org\springframework\boot\spring-boot-starter-tomcat\2.6.4\spring-boot-starter-tomcat-2.6.4.jar;D:\Java_Tools\maven\apache-maven-3.8.4\maven-repo\org\apache\tomcat\embed\tomcat-embed-core\9.0.58\tomcat-embed-core-9.0.58.jar;D:\Java_Tools\maven\apache-maven-3.8.4\maven-repo\org\apache\tomcat\embed\tomcat-embed-el\9.0.58\tomcat-embed-el-9.0.58.jar;D:\Java_Tools\maven\apache-maven-3.8.4\maven-repo\org\apache\tomcat\embed\tomcat-embed-websocket\9.0.58\tomcat-embed-websocket-9.0.58.jar;D:\Java_Tools\maven\apache-maven-3.8.4\maven-repo\org\springframework\spring-web\5.3.16\spring-web-5.3.16.jar;D:\Java_Tools\maven\apache-maven-3.8.4\maven-repo\org\springframework\spring-beans\5.3.16\spring-beans-5.3.16.jar;D:\Java_Tools\maven\apache-maven-3.8.4\maven-repo\org\springframework\spring-webmvc\5.3.16\spring-webmvc-5.3.16.jar;D:\Java_Tools\maven\apache-maven-3.8.4\maven-repo\org\springframework\spring-aop\5.3.16\spring-aop-5.3.16.jar;D:\Java_Tools\maven\apache-maven-3.8.4\maven-repo\org\springframework\spring-context\5.3.16\spring-context-5.3.16.jar;D:\Java_Tools\maven\apache-maven-3.8.4\maven-repo\org\springframework\spring-expression\5.3.16\spring-expression-5.3.16.jar;D:\Java_Tools\maven\apache-maven-3.8.4\maven-repo\org\springframework\boot\spring-boot-starter-test\2.6.4\spring-boot-starter-test-2.6.4.jar;D:\Java_Tools\maven\apache-maven-3.8.4\maven-repo\org\springframework\boot\spring-boot-test\2.6.4\spring-boot-test-2.6.4.jar;D:\Java_Tools\maven\apache-maven-3.8.4\maven-repo\org\springframework\boot\spring-boot-test-autoconfigure\2.6.4\spring-boot-test-autoconfigure-2.6.4.jar;D:\Java_Tools\maven\apache-maven-3.8.4\maven-repo\com\jayway\jsonpath\json-path\2.6.0\json-path-2.6.0.jar;D:\Java_Tools\maven\apache-maven-3.8.4\maven-repo\net\minidev\json-smart\2.4.8\json-smart-2.4.8.jar;D:\Java_Tools\maven\apache-maven-3.8.4\maven-repo\net\minidev\accessors-smart\2.4.8\accessors-smart-2.4.8.jar;D:\Java_Tools\maven\apache-maven-3.8.4\maven-repo\org\ow2\asm\asm\9.1\asm-9.1.jar;D:\Java_Tools\maven\apache-maven-3.8.4\maven-repo\org\slf4j\slf4j-api\1.7.36\slf4j-api-1.7.36.jar;D:\Java_Tools\maven\apache-maven-3.8.4\maven-repo\jakarta\xml\bind\jakarta.xml.bind-api\2.3.3\jakarta.xml.bind-api-2.3.3.jar;D:\Java_Tools\maven\apache-maven-3.8.4\maven-repo\jakarta\activation\jakarta.activation-api\1.2.2\jakarta.activation-api-1.2.2.jar;D:\Java_Tools\maven\apache-maven-3.8.4\maven-repo\org\assertj\assertj-core\3.21.0\assertj-core-3.21.0.jar;D:\Java_Tools\maven\apache-maven-3.8.4\maven-repo\org\hamcrest\hamcrest\2.2\hamcrest-2.2.jar;D:\Java_Tools\maven\apache-maven-3.8.4\maven-repo\org\junit\jupiter\junit-jupiter\5.8.2\junit-jupiter-5.8.2.jar;D:\Java_Tools\maven\apache-maven-3.8.4\maven-repo\org\junit\jupiter\junit-jupiter-api\5.8.2\junit-jupiter-api-5.8.2.jar;D:\Java_Tools\maven\apache-maven-3.8.4\maven-repo\org\opentest4j\opentest4j\1.2.0\opentest4j-1.2.0.jar;D:\Java_Tools\maven\apache-maven-3.8.4\maven-repo\org\junit\platform\junit-platform-commons\1.8.2\junit-platform-commons-1.8.2.jar;D:\Java_Tools\maven\apache-maven-3.8.4\maven-repo\org\apiguardian\apiguardian-api\1.1.2\apiguardian-api-1.1.2.jar;D:\Java_Tools\maven\apache-maven-3.8.4\maven-repo\org\junit\jupiter\junit-jupiter-params\5.8.2\junit-jupiter-params-5.8.2.jar;D:\Java_Tools\maven\apache-maven-3.8.4\maven-repo\org\junit\jupiter\junit-jupiter-engine\5.8.2\junit-jupiter-engine-5.8.2.jar;D:\Java_Tools\maven\apache-maven-3.8.4\maven-repo\org\junit\platform\junit-platform-engine\1.8.2\junit-platform-engine-1.8.2.jar;D:\Java_Tools\maven\apache-maven-3.8.4\maven-repo\org\mockito\mockito-core\4.0.0\mockito-core-4.0.0.jar;D:\Java_Tools\maven\apache-maven-3.8.4\maven-repo\net\bytebuddy\byte-buddy\1.11.22\byte-buddy-1.11.22.jar;D:\Java_Tools\maven\apache-maven-3.8.4\maven-repo\net\bytebuddy\byte-buddy-agent\1.11.22\byte-buddy-agent-1.11.22.jar;D:\Java_Tools\maven\apache-maven-3.8.4\maven-repo\org\objenesis\objenesis\3.2\objenesis-3.2.jar;D:\Java_Tools\maven\apache-maven-3.8.4\maven-repo\org\mockito\mockito-junit-jupiter\4.0.0\mockito-junit-jupiter-4.0.0.jar;D:\Java_Tools\maven\apache-maven-3.8.4\maven-repo\org\skyscreamer\jsonassert\1.5.0\jsonassert-1.5.0.jar;D:\Java_Tools\maven\apache-maven-3.8.4\maven-repo\com\vaadin\external\google\android-json\0.0.20131108.vaadin1\android-json-0.0.20131108.vaadin1.jar;D:\Java_Tools\maven\apache-maven-3.8.4\maven-repo\org\springframework\spring-core\5.3.16\spring-core-5.3.16.jar;D:\Java_Tools\maven\apache-maven-3.8.4\maven-repo\org\springframework\spring-jcl\5.3.16\spring-jcl-5.3.16.jar;D:\Java_Tools\maven\apache-maven-3.8.4\maven-repo\org\springframework\spring-test\5.3.16\spring-test-5.3.16.jar;D:\Java_Tools\maven\apache-maven-3.8.4\maven-repo\org\xmlunit\xmlunit-core\2.8.4\xmlunit-core-2.8.4.jar;"/>
    <property name="java.vm.vendor" value="Oracle Corporation"/>
    <property name="sun.arch.data.model" value="64"/>
    <property name="user.variant" value=""/>
    <property name="java.vendor.url" value="https://java.oracle.com/"/>
    <property name="user.timezone" value="Asia/Shanghai"/>
    <property name="os.name" value="Windows 10"/>
    <property name="java.vm.specification.version" value="16"/>
    <property name="sun.java.launcher" value="SUN_STANDARD"/>
    <property name="user.country" value="CN"/>
    <property name="sun.boot.library.path" value="D:\jdk-16.0.2\bin"/>
    <property name="sun.java.command" value="C:\Users\koko\AppData\Local\Temp\surefire7256717048622373774\surefirebooter8641176698703177215.jar C:\Users\koko\AppData\Local\Temp\surefire7256717048622373774 2022-03-03T21-12-21_015-jvmRun1 surefire12755845127743606399tmp surefire_04135932665582026784tmp"/>
    <property name="jdk.debug" value="release"/>
    <property name="surefire.test.class.path" value="E:\专业资料\project_Java\SpringBoot_Study\springboot_01_hello\target\test-classes;E:\专业资料\project_Java\SpringBoot_Study\springboot_01_hello\target\classes;D:\Java_Tools\maven\apache-maven-3.8.4\maven-repo\org\springframework\boot\spring-boot-starter-web\2.6.4\spring-boot-starter-web-2.6.4.jar;D:\Java_Tools\maven\apache-maven-3.8.4\maven-repo\org\springframework\boot\spring-boot-starter\2.6.4\spring-boot-starter-2.6.4.jar;D:\Java_Tools\maven\apache-maven-3.8.4\maven-repo\org\springframework\boot\spring-boot\2.6.4\spring-boot-2.6.4.jar;D:\Java_Tools\maven\apache-maven-3.8.4\maven-repo\org\springframework\boot\spring-boot-autoconfigure\2.6.4\spring-boot-autoconfigure-2.6.4.jar;D:\Java_Tools\maven\apache-maven-3.8.4\maven-repo\org\springframework\boot\spring-boot-starter-logging\2.6.4\spring-boot-starter-logging-2.6.4.jar;D:\Java_Tools\maven\apache-maven-3.8.4\maven-repo\ch\qos\logback\logback-classic\1.2.10\logback-classic-1.2.10.jar;D:\Java_Tools\maven\apache-maven-3.8.4\maven-repo\ch\qos\logback\logback-core\1.2.10\logback-core-1.2.10.jar;D:\Java_Tools\maven\apache-maven-3.8.4\maven-repo\org\apache\logging\log4j\log4j-to-slf4j\2.17.1\log4j-to-slf4j-2.17.1.jar;D:\Java_Tools\maven\apache-maven-3.8.4\maven-repo\org\apache\logging\log4j\log4j-api\2.17.1\log4j-api-2.17.1.jar;D:\Java_Tools\maven\apache-maven-3.8.4\maven-repo\org\slf4j\jul-to-slf4j\1.7.36\jul-to-slf4j-1.7.36.jar;D:\Java_Tools\maven\apache-maven-3.8.4\maven-repo\jakarta\annotation\jakarta.annotation-api\1.3.5\jakarta.annotation-api-1.3.5.jar;D:\Java_Tools\maven\apache-maven-3.8.4\maven-repo\org\yaml\snakeyaml\1.29\snakeyaml-1.29.jar;D:\Java_Tools\maven\apache-maven-3.8.4\maven-repo\org\springframework\boot\spring-boot-starter-json\2.6.4\spring-boot-starter-json-2.6.4.jar;D:\Java_Tools\maven\apache-maven-3.8.4\maven-repo\com\fasterxml\jackson\core\jackson-databind\2.13.1\jackson-databind-2.13.1.jar;D:\Java_Tools\maven\apache-maven-3.8.4\maven-repo\com\fasterxml\jackson\core\jackson-annotations\2.13.1\jackson-annotations-2.13.1.jar;D:\Java_Tools\maven\apache-maven-3.8.4\maven-repo\com\fasterxml\jackson\core\jackson-core\2.13.1\jackson-core-2.13.1.jar;D:\Java_Tools\maven\apache-maven-3.8.4\maven-repo\com\fasterxml\jackson\datatype\jackson-datatype-jdk8\2.13.1\jackson-datatype-jdk8-2.13.1.jar;D:\Java_Tools\maven\apache-maven-3.8.4\maven-repo\com\fasterxml\jackson\datatype\jackson-datatype-jsr310\2.13.1\jackson-datatype-jsr310-2.13.1.jar;D:\Java_Tools\maven\apache-maven-3.8.4\maven-repo\com\fasterxml\jackson\module\jackson-module-parameter-names\2.13.1\jackson-module-parameter-names-2.13.1.jar;D:\Java_Tools\maven\apache-maven-3.8.4\maven-repo\org\springframework\boot\spring-boot-starter-tomcat\2.6.4\spring-boot-starter-tomcat-2.6.4.jar;D:\Java_Tools\maven\apache-maven-3.8.4\maven-repo\org\apache\tomcat\embed\tomcat-embed-core\9.0.58\tomcat-embed-core-9.0.58.jar;D:\Java_Tools\maven\apache-maven-3.8.4\maven-repo\org\apache\tomcat\embed\tomcat-embed-el\9.0.58\tomcat-embed-el-9.0.58.jar;D:\Java_Tools\maven\apache-maven-3.8.4\maven-repo\org\apache\tomcat\embed\tomcat-embed-websocket\9.0.58\tomcat-embed-websocket-9.0.58.jar;D:\Java_Tools\maven\apache-maven-3.8.4\maven-repo\org\springframework\spring-web\5.3.16\spring-web-5.3.16.jar;D:\Java_Tools\maven\apache-maven-3.8.4\maven-repo\org\springframework\spring-beans\5.3.16\spring-beans-5.3.16.jar;D:\Java_Tools\maven\apache-maven-3.8.4\maven-repo\org\springframework\spring-webmvc\5.3.16\spring-webmvc-5.3.16.jar;D:\Java_Tools\maven\apache-maven-3.8.4\maven-repo\org\springframework\spring-aop\5.3.16\spring-aop-5.3.16.jar;D:\Java_Tools\maven\apache-maven-3.8.4\maven-repo\org\springframework\spring-context\5.3.16\spring-context-5.3.16.jar;D:\Java_Tools\maven\apache-maven-3.8.4\maven-repo\org\springframework\spring-expression\5.3.16\spring-expression-5.3.16.jar;D:\Java_Tools\maven\apache-maven-3.8.4\maven-repo\org\springframework\boot\spring-boot-starter-test\2.6.4\spring-boot-starter-test-2.6.4.jar;D:\Java_Tools\maven\apache-maven-3.8.4\maven-repo\org\springframework\boot\spring-boot-test\2.6.4\spring-boot-test-2.6.4.jar;D:\Java_Tools\maven\apache-maven-3.8.4\maven-repo\org\springframework\boot\spring-boot-test-autoconfigure\2.6.4\spring-boot-test-autoconfigure-2.6.4.jar;D:\Java_Tools\maven\apache-maven-3.8.4\maven-repo\com\jayway\jsonpath\json-path\2.6.0\json-path-2.6.0.jar;D:\Java_Tools\maven\apache-maven-3.8.4\maven-repo\net\minidev\json-smart\2.4.8\json-smart-2.4.8.jar;D:\Java_Tools\maven\apache-maven-3.8.4\maven-repo\net\minidev\accessors-smart\2.4.8\accessors-smart-2.4.8.jar;D:\Java_Tools\maven\apache-maven-3.8.4\maven-repo\org\ow2\asm\asm\9.1\asm-9.1.jar;D:\Java_Tools\maven\apache-maven-3.8.4\maven-repo\org\slf4j\slf4j-api\1.7.36\slf4j-api-1.7.36.jar;D:\Java_Tools\maven\apache-maven-3.8.4\maven-repo\jakarta\xml\bind\jakarta.xml.bind-api\2.3.3\jakarta.xml.bind-api-2.3.3.jar;D:\Java_Tools\maven\apache-maven-3.8.4\maven-repo\jakarta\activation\jakarta.activation-api\1.2.2\jakarta.activation-api-1.2.2.jar;D:\Java_Tools\maven\apache-maven-3.8.4\maven-repo\org\assertj\assertj-core\3.21.0\assertj-core-3.21.0.jar;D:\Java_Tools\maven\apache-maven-3.8.4\maven-repo\org\hamcrest\hamcrest\2.2\hamcrest-2.2.jar;D:\Java_Tools\maven\apache-maven-3.8.4\maven-repo\org\junit\jupiter\junit-jupiter\5.8.2\junit-jupiter-5.8.2.jar;D:\Java_Tools\maven\apache-maven-3.8.4\maven-repo\org\junit\jupiter\junit-jupiter-api\5.8.2\junit-jupiter-api-5.8.2.jar;D:\Java_Tools\maven\apache-maven-3.8.4\maven-repo\org\opentest4j\opentest4j\1.2.0\opentest4j-1.2.0.jar;D:\Java_Tools\maven\apache-maven-3.8.4\maven-repo\org\junit\platform\junit-platform-commons\1.8.2\junit-platform-commons-1.8.2.jar;D:\Java_Tools\maven\apache-maven-3.8.4\maven-repo\org\apiguardian\apiguardian-api\1.1.2\apiguardian-api-1.1.2.jar;D:\Java_Tools\maven\apache-maven-3.8.4\maven-repo\org\junit\jupiter\junit-jupiter-params\5.8.2\junit-jupiter-params-5.8.2.jar;D:\Java_Tools\maven\apache-maven-3.8.4\maven-repo\org\junit\jupiter\junit-jupiter-engine\5.8.2\junit-jupiter-engine-5.8.2.jar;D:\Java_Tools\maven\apache-maven-3.8.4\maven-repo\org\junit\platform\junit-platform-engine\1.8.2\junit-platform-engine-1.8.2.jar;D:\Java_Tools\maven\apache-maven-3.8.4\maven-repo\org\mockito\mockito-core\4.0.0\mockito-core-4.0.0.jar;D:\Java_Tools\maven\apache-maven-3.8.4\maven-repo\net\bytebuddy\byte-buddy\1.11.22\byte-buddy-1.11.22.jar;D:\Java_Tools\maven\apache-maven-3.8.4\maven-repo\net\bytebuddy\byte-buddy-agent\1.11.22\byte-buddy-agent-1.11.22.jar;D:\Java_Tools\maven\apache-maven-3.8.4\maven-repo\org\objenesis\objenesis\3.2\objenesis-3.2.jar;D:\Java_Tools\maven\apache-maven-3.8.4\maven-repo\org\mockito\mockito-junit-jupiter\4.0.0\mockito-junit-jupiter-4.0.0.jar;D:\Java_Tools\maven\apache-maven-3.8.4\maven-repo\org\skyscreamer\jsonassert\1.5.0\jsonassert-1.5.0.jar;D:\Java_Tools\maven\apache-maven-3.8.4\maven-repo\com\vaadin\external\google\android-json\0.0.20131108.vaadin1\android-json-0.0.20131108.vaadin1.jar;D:\Java_Tools\maven\apache-maven-3.8.4\maven-repo\org\springframework\spring-core\5.3.16\spring-core-5.3.16.jar;D:\Java_Tools\maven\apache-maven-3.8.4\maven-repo\org\springframework\spring-jcl\5.3.16\spring-jcl-5.3.16.jar;D:\Java_Tools\maven\apache-maven-3.8.4\maven-repo\org\springframework\spring-test\5.3.16\spring-test-5.3.16.jar;D:\Java_Tools\maven\apache-maven-3.8.4\maven-repo\org\xmlunit\xmlunit-core\2.8.4\xmlunit-core-2.8.4.jar;"/>
    <property name="sun.cpu.endian" value="little"/>
    <property name="user.home" value="C:\Users\koko"/>
    <property name="user.language" value="zh"/>
    <property name="java.specification.vendor" value="Oracle Corporation"/>
    <property name="java.version.date" value="2021-07-20"/>
    <property name="java.home" value="D:\jdk-16.0.2"/>
    <property name="file.separator" value="\"/>
    <property name="basedir" value="E:\专业资料\project_Java\SpringBoot_Study\springboot_01_hello"/>
    <property name="java.vm.compressedOopsMode" value="Zero based"/>
    <property name="line.separator" value="&#10;"/>
    <property name="java.vm.specification.vendor" value="Oracle Corporation"/>
    <property name="java.specification.name" value="Java Platform API Specification"/>
    <property name="surefire.real.class.path" value="C:\Users\koko\AppData\Local\Temp\surefire7256717048622373774\surefirebooter8641176698703177215.jar"/>
    <property name="user.script" value=""/>
    <property name="sun.management.compiler" value="HotSpot 64-Bit Tiered Compilers"/>
    <property name="java.runtime.version" value="16.0.2+7-67"/>
    <property name="user.name" value="koko"/>
    <property name="path.separator" value=";"/>
    <property name="os.version" value="10.0"/>
    <property name="java.runtime.name" value="Java(TM) SE Runtime Environment"/>
    <property name="file.encoding" value="GBK"/>
    <property name="java.vm.name" value="Java HotSpot(TM) 64-Bit Server VM"/>
    <property name="localRepository" value="D:\Java_Tools\maven\apache-maven-3.8.4\maven-repo"/>
    <property name="java.vendor.url.bug" value="https://bugreport.java.com/bugreport/"/>
    <property name="java.io.tmpdir" value="C:\Users\koko\AppData\Local\Temp\"/>
    <property name="idea.version" value="2020.2"/>
    <property name="java.version" value="16.0.2"/>
    <property name="user.dir" value="E:\专业资料\project_Java\SpringBoot_Study\springboot_01_hello"/>
    <property name="os.arch" value="amd64"/>
    <property name="java.vm.specification.name" value="Java Virtual Machine Specification"/>
    <property name="sun.os.patch.level" value=""/>
    <property name="java.library.path" value="D:\jdk-16.0.2\bin;C:\WINDOWS\Sun\Java\bin;C:\WINDOWS\system32;C:\WINDOWS;C:\Program Files (x86)\MySQL\MySQL Server 5.6\bin;C:\Program Files (x86)\Common Files\Intel\Shared Libraries\redist\intel64\compiler;D:\jdk-16.0.2\bin;C:\Program Files\Common Files\Oracle\Java\javapath;C:\Windows\system32;C:\Windows;C:\Windows\System32\Wbem;C:\Windows\System32\WindowsPowerShell\v1.0\;C:\Windows\System32\OpenSSH\;C:\Program Files (x86)\NVIDIA Corporation\PhysX\Common;C:\Program Files\NVIDIA Corporation\NVIDIA NvDLISR;C:\WINDOWS\system32;C:\WINDOWS;C:\WINDOWS\System32\Wbem;C:\WINDOWS\System32\WindowsPowerShell\v1.0\;C:\WINDOWS\System32\OpenSSH\;D:\Java_Tools\maven\apache-maven-3.8.4\bin;D:\profession software\Matlab\runtime\win64;D:\profession software\Matlab\bin;D:\profession software\Matlab\polyspace\bin;D:\profession software\SPSS25\JRE\bin;D:\profession software\wechat\微信web开发者工具\dll;D:\Java_Tools\nodejs\;D:\profession software\Python app\Scripts\;D:\profession software\Python app\;C:\Users\koko\AppData\Local\Microsoft\WindowsApps;D:\ordinary software\bandizip app\;C:\Users\koko\AppData\Roaming\npm;."/>
    <property name="java.vm.info" value="mixed mode, sharing"/>
    <property name="java.vendor" value="Oracle Corporation"/>
    <property name="java.vm.version" value="16.0.2+7-67"/>
    <property name="sun.io.unicode.encoding" value="UnicodeLittle"/>
    <property name="maven.repo.local" value="D:\Java_Tools\maven\apache-maven-3.8.4\maven-repo"/>
    <property name="java.class.version" value="60.0"/>
  </properties>
  <testcase name="contextLoads" classname="com.koko.springboot_01_hello.Springboot01HelloApplicationTests" time="0.404"/>
</testsuite>